2026-01-10T16:17:55.426238 | ARGS: Namespace(policy='WF_V1', symbol='SYNTHETIC', data_path='results/synthetic_meta.csv', capital=100000.0, max_drawdown=0.2, weighting='equal', tag='COMPETITION_DRY_RUN', paper=True, paper_log='results/competition_dry_run_log.jsonl', paper_max_notional=0.0, execution_policy='COMPETITION_5PERCENTERS')
2026-01-10T16:17:55.443690 | PROMOTED_COUNT: 2
2026-01-10T16:32:48.724588 | ARGS: Namespace(policy='WF_V1', symbol='EURUSD', data_path='results/eurusd_meta.csv', capital=100000.0, max_drawdown=0.2, weighting='equal', tag='COMPETITION_DRY_RUN', paper=True, paper_log='results/competition_dry_run_eurusd.jsonl', paper_max_notional=0.0, execution_policy='COMPETITION_5PERCENTERS')
2026-01-10T16:32:48.743462 | PROMOTED_COUNT: 2
2026-01-10T16:50:03.196283 | ARGS: Namespace(policy='WF_V1', symbol='EURUSD', data_path='results/eurusd_meta.csv', capital=100000.0, max_drawdown=0.2, weighting='equal', tag='COMPETITION_DRY_RUN', paper=True, paper_log='results/competition_dry_run_eurusd.jsonl', paper_max_notional=0.0, execution_policy='COMPETITION_5PERCENTERS')
2026-01-10T16:50:03.212550 | PROMOTED_COUNT: 2
2026-01-14T09:13:43.191461 | ARGS: Namespace(policy='WF_V1', symbol='EURUSD', data_path='results/live_eurusd.csv', capital=10000.0, max_drawdown=0.2, weighting='equal', tag='COMPETITION_LIVE', paper=False, paper_log='results/competition_live_log.jsonl', paper_max_notional=0.0, execution_policy='RESEARCH', state_path='results/live_state.json')
2026-01-14T09:13:43.211768 | PROMOTED_COUNT: 2
2026-01-14T09:20:47.079631 | ARGS: Namespace(policy='WF_V1', symbol='EURUSD', data_path='C:\\Users\\HP\\AppData\\Roaming\\MetaQuotes\\Terminal\\10CE948A1DFC9A8C27E56E827008EBD4\\MQL5\\Files\\results\\live_eurusd.csv', capital=10000.0, max_drawdown=0.2, weighting='equal', tag='COMPETITION_LIVE', paper=False, paper_log='results/competition_live_log.jsonl', paper_max_notional=0.0, execution_policy='RESEARCH', state_path='results/live_state.json')
2026-01-14T09:20:47.089032 | PROMOTED_COUNT: 2
2026-01-14T09:59:27.026848 | ARGS: Namespace(policy='WF_V1', symbol='EURUSD', data_path='C:\\Users\\HP\\AppData\\Roaming\\MetaQuotes\\Terminal\\10CE948A1DFC9A8C27E56E827008EBD4\\MQL5\\Files\\results\\live_eurusd.csv', capital=10000.0, max_drawdown=0.2, weighting='equal', tag='COMPETITION_LIVE', paper=False, paper_log='results/competition_live_log.jsonl', paper_max_notional=0.0, execution_policy='RESEARCH', state_path='results/live_state.json')
2026-01-14T09:59:27.061050 | PROMOTED_COUNT: 2
2026-01-14T10:24:13.839147 | ARGS: Namespace(policy='WF_V1', symbol='EURUSD', data_path='C:\\Users\\HP\\AppData\\Roaming\\MetaQuotes\\Terminal\\10CE948A1DFC9A8C27E56E827008EBD4\\MQL5\\Files\\results\\live_eurusd.csv', capital=10000.0, max_drawdown=0.2, weighting='equal', tag='COMPETITION_LIVE', paper=False, paper_log='results/competition_live_log.jsonl', paper_max_notional=0.0, execution_policy='RESEARCH', state_path='results/live_state.json')
2026-01-14T10:24:13.856709 | PROMOTED_COUNT: 2
2026-01-14T10:47:57.162758 | ARGS: Namespace(policy='WF_V1', symbol='EURUSD', data_path='C:\\Users\\HP\\AppData\\Roaming\\MetaQuotes\\Terminal\\10CE948A1DFC9A8C27E56E827008EBD4\\MQL5\\Files\\results\\live_eurusd.csv', capital=10000.0, max_drawdown=0.2, weighting='equal', tag='COMPETITION_LIVE', paper=False, paper_log='results\\competition_live_log.jsonl', paper_max_notional=0.0, execution_policy='RESEARCH', state_path='results\\live_state.json')
2026-01-14T10:47:57.190219 | PROMOTED_COUNT: 2
2026-01-14T10:52:03.291751 | ARGS: Namespace(policy='WF_V1', symbol='EURUSD', data_path='C:\\Users\\HP\\AppData\\Roaming\\MetaQuotes\\Terminal\\10CE948A1DFC9A8C27E56E827008EBD4\\MQL5\\Files\\results\\live_eurusd.csv', capital=10000.0, max_drawdown=0.2, weighting='equal', tag='COMPETITION_LIVE', paper=False, paper_log='results\\competition_live_log.jsonl', paper_max_notional=0.0, execution_policy='RESEARCH', state_path='results\\live_state.json')
2026-01-14T10:52:03.297788 | PROMOTED_COUNT: 2
2026-01-14T10:57:04.390496 | ARGS: Namespace(policy='WF_V1', symbol='EURUSD', data_path='C:\\Users\\HP\\AppData\\Roaming\\MetaQuotes\\Terminal\\10CE948A1DFC9A8C27E56E827008EBD4\\MQL5\\Files\\results\\live_eurusd.csv', capital=10000.0, max_drawdown=0.2, weighting='equal', tag='COMPETITION_LIVE', paper=False, paper_log='results\\competition_live_log.jsonl', paper_max_notional=0.0, execution_policy='RESEARCH', state_path='results\\live_state.json')
2026-01-14T10:57:04.407695 | PROMOTED_COUNT: 2
2026-01-14T11:02:04.222323 | ARGS: Namespace(policy='WF_V1', symbol='EURUSD', data_path='C:\\Users\\HP\\AppData\\Roaming\\MetaQuotes\\Terminal\\10CE948A1DFC9A8C27E56E827008EBD4\\MQL5\\Files\\results\\live_eurusd.csv', capital=10000.0, max_drawdown=0.2, weighting='equal', tag='COMPETITION_LIVE', paper=False, paper_log='results\\competition_live_log.jsonl', paper_max_notional=0.0, execution_policy='RESEARCH', state_path='results\\live_state.json')
2026-01-14T11:02:04.236305 | PROMOTED_COUNT: 2
2026-01-14T11:09:19.325657 | ARGS: Namespace(policy='WF_V1', symbol='EURUSD', data_path='C:\\Users\\HP\\AppData\\Roaming\\MetaQuotes\\Terminal\\10CE948A1DFC9A8C27E56E827008EBD4\\MQL5\\Files\\results\\live_eurusd.csv', capital=10000.0, max_drawdown=0.2, weighting='equal', tag='COMPETITION_LIVE', paper=False, paper_log='results\\competition_live_log.jsonl', paper_max_notional=0.0, execution_policy='RESEARCH', state_path='results\\live_state.json')
2026-01-14T11:09:19.346684 | PROMOTED_COUNT: 2
2026-01-14T11:28:08.751277 | ARGS: Namespace(policy='WF_V1', symbol='EURUSD', data_path='C:\\Users\\HP\\AppData\\Roaming\\MetaQuotes\\Terminal\\10CE948A1DFC9A8C27E56E827008EBD4\\MQL5\\Files\\results\\live_eurusd.csv', capital=10000.0, max_drawdown=0.2, weighting='equal', tag='COMPETITION_LIVE', paper=False, paper_log='results/competition_live_log.jsonl', paper_max_notional=0.0, execution_policy='RESEARCH', state_path='results/live_state.json')
2026-01-14T11:28:08.756884 | PROMOTED_COUNT: 2
2026-01-14T11:40:58.560576 | ARGS: Namespace(policy='WF_V1', symbol='EURUSD', data_path='C:\\Users\\HP\\AppData\\Roaming\\MetaQuotes\\Terminal\\10CE948A1DFC9A8C27E56E827008EBD4\\MQL5\\Files\\results\\live_eurusd.csv', capital=10000.0, max_drawdown=0.2, weighting='equal', tag='COMPETITION_LIVE', paper=False, paper_log='results/competition_live_log.jsonl', paper_max_notional=0.0, execution_policy='RESEARCH', state_path='results/live_state.json')
2026-01-14T11:40:58.566218 | PROMOTED_COUNT: 2
2026-01-14T11:51:34.582057 | ARGS: Namespace(policy='WF_V1', symbol='EURUSD', data_path='C:\\Users\\HP\\AppData\\Roaming\\MetaQuotes\\Terminal\\10CE948A1DFC9A8C27E56E827008EBD4\\MQL5\\Files\\results\\live_eurusd.csv', capital=10000.0, max_drawdown=0.2, weighting='equal', tag='COMPETITION_LIVE', paper=False, paper_log='results/competition_live_log.jsonl', paper_max_notional=0.0, execution_policy='RESEARCH', state_path='results/live_state.json')
2026-01-14T11:51:34.587611 | PROMOTED_COUNT: 2
2026-01-14T11:52:04.881692 | ARGS: Namespace(policy='WF_V1', symbol='EURUSD', data_path='C:\\Users\\HP\\AppData\\Roaming\\MetaQuotes\\Terminal\\10CE948A1DFC9A8C27E56E827008EBD4\\MQL5\\Files\\results\\live_eurusd.csv', capital=10000.0, max_drawdown=0.2, weighting='equal', tag='COMPETITION_LIVE', paper=False, paper_log='results/competition_live_log.jsonl', paper_max_notional=0.0, execution_policy='RESEARCH', state_path='results/live_state.json')
2026-01-14T11:52:04.887320 | PROMOTED_COUNT: 2
2026-01-14T11:57:03.780444 | ARGS: Namespace(policy='WF_V1', symbol='EURUSD', data_path='C:\\Users\\HP\\AppData\\Roaming\\MetaQuotes\\Terminal\\10CE948A1DFC9A8C27E56E827008EBD4\\MQL5\\Files\\results\\live_eurusd.csv', capital=10000.0, max_drawdown=0.2, weighting='equal', tag='COMPETITION_LIVE', paper=False, paper_log='results/competition_live_log.jsonl', paper_max_notional=0.0, execution_policy='RESEARCH', state_path='results/live_state.json')
2026-01-14T11:57:03.784980 | PROMOTED_COUNT: 2
2026-01-14T12:02:04.754970 | ARGS: Namespace(policy='WF_V1', symbol='EURUSD', data_path='C:\\Users\\HP\\AppData\\Roaming\\MetaQuotes\\Terminal\\10CE948A1DFC9A8C27E56E827008EBD4\\MQL5\\Files\\results\\live_eurusd.csv', capital=10000.0, max_drawdown=0.2, weighting='equal', tag='COMPETITION_LIVE', paper=False, paper_log='results/competition_live_log.jsonl', paper_max_notional=0.0, execution_policy='RESEARCH', state_path='results/live_state.json')
2026-01-14T12:02:04.776099 | PROMOTED_COUNT: 2
2026-01-14T12:07:03.759767 | ARGS: Namespace(policy='WF_V1', symbol='EURUSD', data_path='C:\\Users\\HP\\AppData\\Roaming\\MetaQuotes\\Terminal\\10CE948A1DFC9A8C27E56E827008EBD4\\MQL5\\Files\\results\\live_eurusd.csv', capital=10000.0, max_drawdown=0.2, weighting='equal', tag='COMPETITION_LIVE', paper=False, paper_log='results/competition_live_log.jsonl', paper_max_notional=0.0, execution_policy='RESEARCH', state_path='results/live_state.json')
2026-01-14T12:07:03.793491 | PROMOTED_COUNT: 2
2026-01-14T12:12:04.594614 | ARGS: Namespace(policy='WF_V1', symbol='EURUSD', data_path='C:\\Users\\HP\\AppData\\Roaming\\MetaQuotes\\Terminal\\10CE948A1DFC9A8C27E56E827008EBD4\\MQL5\\Files\\results\\live_eurusd.csv', capital=10000.0, max_drawdown=0.2, weighting='equal', tag='COMPETITION_LIVE', paper=False, paper_log='results/competition_live_log.jsonl', paper_max_notional=0.0, execution_policy='RESEARCH', state_path='results/live_state.json')
2026-01-14T12:12:04.605329 | PROMOTED_COUNT: 2
2026-01-14T12:17:04.707147 | ARGS: Namespace(policy='WF_V1', symbol='EURUSD', data_path='C:\\Users\\HP\\AppData\\Roaming\\MetaQuotes\\Terminal\\10CE948A1DFC9A8C27E56E827008EBD4\\MQL5\\Files\\results\\live_eurusd.csv', capital=10000.0, max_drawdown=0.2, weighting='equal', tag='COMPETITION_LIVE', paper=False, paper_log='results/competition_live_log.jsonl', paper_max_notional=0.0, execution_policy='RESEARCH', state_path='results/live_state.json')
2026-01-14T12:17:04.717595 | PROMOTED_COUNT: 2
2026-01-14T12:22:04.713407 | ARGS: Namespace(policy='WF_V1', symbol='EURUSD', data_path='C:\\Users\\HP\\AppData\\Roaming\\MetaQuotes\\Terminal\\10CE948A1DFC9A8C27E56E827008EBD4\\MQL5\\Files\\results\\live_eurusd.csv', capital=10000.0, max_drawdown=0.2, weighting='equal', tag='COMPETITION_LIVE', paper=False, paper_log='results/competition_live_log.jsonl', paper_max_notional=0.0, execution_policy='RESEARCH', state_path='results/live_state.json')
2026-01-14T12:22:04.723513 | PROMOTED_COUNT: 2
2026-01-14T12:27:04.628110 | ARGS: Namespace(policy='WF_V1', symbol='EURUSD', data_path='C:\\Users\\HP\\AppData\\Roaming\\MetaQuotes\\Terminal\\10CE948A1DFC9A8C27E56E827008EBD4\\MQL5\\Files\\results\\live_eurusd.csv', capital=10000.0, max_drawdown=0.2, weighting='equal', tag='COMPETITION_LIVE', paper=False, paper_log='results/competition_live_log.jsonl', paper_max_notional=0.0, execution_policy='RESEARCH', state_path='results/live_state.json')
2026-01-14T12:27:04.638967 | PROMOTED_COUNT: 2
2026-01-14T12:32:04.657445 | ARGS: Namespace(policy='WF_V1', symbol='EURUSD', data_path='C:\\Users\\HP\\AppData\\Roaming\\MetaQuotes\\Terminal\\10CE948A1DFC9A8C27E56E827008EBD4\\MQL5\\Files\\results\\live_eurusd.csv', capital=10000.0, max_drawdown=0.2, weighting='equal', tag='COMPETITION_LIVE', paper=False, paper_log='results/competition_live_log.jsonl', paper_max_notional=0.0, execution_policy='RESEARCH', state_path='results/live_state.json')
2026-01-14T12:32:04.667636 | PROMOTED_COUNT: 2
2026-01-14T12:37:04.614302 | ARGS: Namespace(policy='WF_V1', symbol='EURUSD', data_path='C:\\Users\\HP\\AppData\\Roaming\\MetaQuotes\\Terminal\\10CE948A1DFC9A8C27E56E827008EBD4\\MQL5\\Files\\results\\live_eurusd.csv', capital=10000.0, max_drawdown=0.2, weighting='equal', tag='COMPETITION_LIVE', paper=False, paper_log='results/competition_live_log.jsonl', paper_max_notional=0.0, execution_policy='RESEARCH', state_path='results/live_state.json')
2026-01-14T12:37:04.624599 | PROMOTED_COUNT: 2
2026-01-14T12:42:04.611794 | ARGS: Namespace(policy='WF_V1', symbol='EURUSD', data_path='C:\\Users\\HP\\AppData\\Roaming\\MetaQuotes\\Terminal\\10CE948A1DFC9A8C27E56E827008EBD4\\MQL5\\Files\\results\\live_eurusd.csv', capital=10000.0, max_drawdown=0.2, weighting='equal', tag='COMPETITION_LIVE', paper=False, paper_log='results/competition_live_log.jsonl', paper_max_notional=0.0, execution_policy='RESEARCH', state_path='results/live_state.json')
2026-01-14T12:42:04.622584 | PROMOTED_COUNT: 2
2026-01-14T12:47:05.124715 | ARGS: Namespace(policy='WF_V1', symbol='EURUSD', data_path='C:\\Users\\HP\\AppData\\Roaming\\MetaQuotes\\Terminal\\10CE948A1DFC9A8C27E56E827008EBD4\\MQL5\\Files\\results\\live_eurusd.csv', capital=10000.0, max_drawdown=0.2, weighting='equal', tag='COMPETITION_LIVE', paper=False, paper_log='results/competition_live_log.jsonl', paper_max_notional=0.0, execution_policy='RESEARCH', state_path='results/live_state.json')
2026-01-14T12:47:05.134886 | PROMOTED_COUNT: 2
2026-01-14T12:52:05.041091 | ARGS: Namespace(policy='WF_V1', symbol='EURUSD', data_path='C:\\Users\\HP\\AppData\\Roaming\\MetaQuotes\\Terminal\\10CE948A1DFC9A8C27E56E827008EBD4\\MQL5\\Files\\results\\live_eurusd.csv', capital=10000.0, max_drawdown=0.2, weighting='equal', tag='COMPETITION_LIVE', paper=False, paper_log='results/competition_live_log.jsonl', paper_max_notional=0.0, execution_policy='RESEARCH', state_path='results/live_state.json')
2026-01-14T12:52:05.070185 | PROMOTED_COUNT: 2
2026-01-14T12:57:04.617958 | ARGS: Namespace(policy='WF_V1', symbol='EURUSD', data_path='C:\\Users\\HP\\AppData\\Roaming\\MetaQuotes\\Terminal\\10CE948A1DFC9A8C27E56E827008EBD4\\MQL5\\Files\\results\\live_eurusd.csv', capital=10000.0, max_drawdown=0.2, weighting='equal', tag='COMPETITION_LIVE', paper=False, paper_log='results/competition_live_log.jsonl', paper_max_notional=0.0, execution_policy='RESEARCH', state_path='results/live_state.json')
2026-01-14T12:57:04.628496 | PROMOTED_COUNT: 2
2026-01-14T13:02:04.683220 | ARGS: Namespace(policy='WF_V1', symbol='EURUSD', data_path='C:\\Users\\HP\\AppData\\Roaming\\MetaQuotes\\Terminal\\10CE948A1DFC9A8C27E56E827008EBD4\\MQL5\\Files\\results\\live_eurusd.csv', capital=10000.0, max_drawdown=0.2, weighting='equal', tag='COMPETITION_LIVE', paper=False, paper_log='results/competition_live_log.jsonl', paper_max_notional=0.0, execution_policy='RESEARCH', state_path='results/live_state.json')
2026-01-14T13:02:04.694113 | PROMOTED_COUNT: 2
2026-01-14T13:07:04.676357 | ARGS: Namespace(policy='WF_V1', symbol='EURUSD', data_path='C:\\Users\\HP\\AppData\\Roaming\\MetaQuotes\\Terminal\\10CE948A1DFC9A8C27E56E827008EBD4\\MQL5\\Files\\results\\live_eurusd.csv', capital=10000.0, max_drawdown=0.2, weighting='equal', tag='COMPETITION_LIVE', paper=False, paper_log='results/competition_live_log.jsonl', paper_max_notional=0.0, execution_policy='RESEARCH', state_path='results/live_state.json')
2026-01-14T13:07:04.686420 | PROMOTED_COUNT: 2
2026-01-14T13:12:04.670175 | ARGS: Namespace(policy='WF_V1', symbol='EURUSD', data_path='C:\\Users\\HP\\AppData\\Roaming\\MetaQuotes\\Terminal\\10CE948A1DFC9A8C27E56E827008EBD4\\MQL5\\Files\\results\\live_eurusd.csv', capital=10000.0, max_drawdown=0.2, weighting='equal', tag='COMPETITION_LIVE', paper=False, paper_log='results/competition_live_log.jsonl', paper_max_notional=0.0, execution_policy='RESEARCH', state_path='results/live_state.json')
2026-01-14T13:12:04.681742 | PROMOTED_COUNT: 2
2026-01-14T13:17:04.691921 | ARGS: Namespace(policy='WF_V1', symbol='EURUSD', data_path='C:\\Users\\HP\\AppData\\Roaming\\MetaQuotes\\Terminal\\10CE948A1DFC9A8C27E56E827008EBD4\\MQL5\\Files\\results\\live_eurusd.csv', capital=10000.0, max_drawdown=0.2, weighting='equal', tag='COMPETITION_LIVE', paper=False, paper_log='results/competition_live_log.jsonl', paper_max_notional=0.0, execution_policy='RESEARCH', state_path='results/live_state.json')
2026-01-14T13:17:04.701990 | PROMOTED_COUNT: 2
2026-01-14T13:22:04.671607 | ARGS: Namespace(policy='WF_V1', symbol='EURUSD', data_path='C:\\Users\\HP\\AppData\\Roaming\\MetaQuotes\\Terminal\\10CE948A1DFC9A8C27E56E827008EBD4\\MQL5\\Files\\results\\live_eurusd.csv', capital=10000.0, max_drawdown=0.2, weighting='equal', tag='COMPETITION_LIVE', paper=False, paper_log='results/competition_live_log.jsonl', paper_max_notional=0.0, execution_policy='RESEARCH', state_path='results/live_state.json')
2026-01-14T13:22:04.682218 | PROMOTED_COUNT: 2
2026-01-14T13:27:04.704509 | ARGS: Namespace(policy='WF_V1', symbol='EURUSD', data_path='C:\\Users\\HP\\AppData\\Roaming\\MetaQuotes\\Terminal\\10CE948A1DFC9A8C27E56E827008EBD4\\MQL5\\Files\\results\\live_eurusd.csv', capital=10000.0, max_drawdown=0.2, weighting='equal', tag='COMPETITION_LIVE', paper=False, paper_log='results/competition_live_log.jsonl', paper_max_notional=0.0, execution_policy='RESEARCH', state_path='results/live_state.json')
2026-01-14T13:27:04.715725 | PROMOTED_COUNT: 2
2026-01-14T13:32:04.803366 | ARGS: Namespace(policy='WF_V1', symbol='EURUSD', data_path='C:\\Users\\HP\\AppData\\Roaming\\MetaQuotes\\Terminal\\10CE948A1DFC9A8C27E56E827008EBD4\\MQL5\\Files\\results\\live_eurusd.csv', capital=10000.0, max_drawdown=0.2, weighting='equal', tag='COMPETITION_LIVE', paper=False, paper_log='results/competition_live_log.jsonl', paper_max_notional=0.0, execution_policy='RESEARCH', state_path='results/live_state.json')
2026-01-14T13:32:04.813754 | PROMOTED_COUNT: 2
2026-01-14T13:37:04.676282 | ARGS: Namespace(policy='WF_V1', symbol='EURUSD', data_path='C:\\Users\\HP\\AppData\\Roaming\\MetaQuotes\\Terminal\\10CE948A1DFC9A8C27E56E827008EBD4\\MQL5\\Files\\results\\live_eurusd.csv', capital=10000.0, max_drawdown=0.2, weighting='equal', tag='COMPETITION_LIVE', paper=False, paper_log='results/competition_live_log.jsonl', paper_max_notional=0.0, execution_policy='RESEARCH', state_path='results/live_state.json')
2026-01-14T13:37:04.686965 | PROMOTED_COUNT: 2
2026-01-14T13:42:04.728125 | ARGS: Namespace(policy='WF_V1', symbol='EURUSD', data_path='C:\\Users\\HP\\AppData\\Roaming\\MetaQuotes\\Terminal\\10CE948A1DFC9A8C27E56E827008EBD4\\MQL5\\Files\\results\\live_eurusd.csv', capital=10000.0, max_drawdown=0.2, weighting='equal', tag='COMPETITION_LIVE', paper=False, paper_log='results/competition_live_log.jsonl', paper_max_notional=0.0, execution_policy='RESEARCH', state_path='results/live_state.json')
2026-01-14T13:42:04.738848 | PROMOTED_COUNT: 2
2026-01-14T13:47:04.658754 | ARGS: Namespace(policy='WF_V1', symbol='EURUSD', data_path='C:\\Users\\HP\\AppData\\Roaming\\MetaQuotes\\Terminal\\10CE948A1DFC9A8C27E56E827008EBD4\\MQL5\\Files\\results\\live_eurusd.csv', capital=10000.0, max_drawdown=0.2, weighting='equal', tag='COMPETITION_LIVE', paper=False, paper_log='results/competition_live_log.jsonl', paper_max_notional=0.0, execution_policy='RESEARCH', state_path='results/live_state.json')
2026-01-14T13:47:04.668980 | PROMOTED_COUNT: 2
2026-01-14T13:52:04.715005 | ARGS: Namespace(policy='WF_V1', symbol='EURUSD', data_path='C:\\Users\\HP\\AppData\\Roaming\\MetaQuotes\\Terminal\\10CE948A1DFC9A8C27E56E827008EBD4\\MQL5\\Files\\results\\live_eurusd.csv', capital=10000.0, max_drawdown=0.2, weighting='equal', tag='COMPETITION_LIVE', paper=False, paper_log='results/competition_live_log.jsonl', paper_max_notional=0.0, execution_policy='RESEARCH', state_path='results/live_state.json')
2026-01-14T13:52:04.725327 | PROMOTED_COUNT: 2
2026-01-14T13:57:05.018567 | ARGS: Namespace(policy='WF_V1', symbol='EURUSD', data_path='C:\\Users\\HP\\AppData\\Roaming\\MetaQuotes\\Terminal\\10CE948A1DFC9A8C27E56E827008EBD4\\MQL5\\Files\\results\\live_eurusd.csv', capital=10000.0, max_drawdown=0.2, weighting='equal', tag='COMPETITION_LIVE', paper=False, paper_log='results/competition_live_log.jsonl', paper_max_notional=0.0, execution_policy='RESEARCH', state_path='results/live_state.json')
2026-01-14T13:57:05.029165 | PROMOTED_COUNT: 2
2026-01-14T14:02:07.059051 | ARGS: Namespace(policy='WF_V1', symbol='EURUSD', data_path='C:\\Users\\HP\\AppData\\Roaming\\MetaQuotes\\Terminal\\10CE948A1DFC9A8C27E56E827008EBD4\\MQL5\\Files\\results\\live_eurusd.csv', capital=10000.0, max_drawdown=0.2, weighting='equal', tag='COMPETITION_LIVE', paper=False, paper_log='results/competition_live_log.jsonl', paper_max_notional=0.0, execution_policy='RESEARCH', state_path='results/live_state.json')
2026-01-14T14:02:07.085503 | PROMOTED_COUNT: 2
2026-01-14T14:07:05.010123 | ARGS: Namespace(policy='WF_V1', symbol='EURUSD', data_path='C:\\Users\\HP\\AppData\\Roaming\\MetaQuotes\\Terminal\\10CE948A1DFC9A8C27E56E827008EBD4\\MQL5\\Files\\results\\live_eurusd.csv', capital=10000.0, max_drawdown=0.2, weighting='equal', tag='COMPETITION_LIVE', paper=False, paper_log='results/competition_live_log.jsonl', paper_max_notional=0.0, execution_policy='RESEARCH', state_path='results/live_state.json')
2026-01-14T14:07:05.022653 | PROMOTED_COUNT: 2
2026-01-14T14:12:04.884750 | ARGS: Namespace(policy='WF_V1', symbol='EURUSD', data_path='C:\\Users\\HP\\AppData\\Roaming\\MetaQuotes\\Terminal\\10CE948A1DFC9A8C27E56E827008EBD4\\MQL5\\Files\\results\\live_eurusd.csv', capital=10000.0, max_drawdown=0.2, weighting='equal', tag='COMPETITION_LIVE', paper=False, paper_log='results/competition_live_log.jsonl', paper_max_notional=0.0, execution_policy='RESEARCH', state_path='results/live_state.json')
2026-01-14T14:12:04.896591 | PROMOTED_COUNT: 2
2026-01-14T14:17:04.901906 | ARGS: Namespace(policy='WF_V1', symbol='EURUSD', data_path='C:\\Users\\HP\\AppData\\Roaming\\MetaQuotes\\Terminal\\10CE948A1DFC9A8C27E56E827008EBD4\\MQL5\\Files\\results\\live_eurusd.csv', capital=10000.0, max_drawdown=0.2, weighting='equal', tag='COMPETITION_LIVE', paper=False, paper_log='results/competition_live_log.jsonl', paper_max_notional=0.0, execution_policy='RESEARCH', state_path='results/live_state.json')
2026-01-14T14:17:04.912379 | PROMOTED_COUNT: 2
2026-01-14T14:22:06.535468 | ARGS: Namespace(policy='WF_V1', symbol='EURUSD', data_path='C:\\Users\\HP\\AppData\\Roaming\\MetaQuotes\\Terminal\\10CE948A1DFC9A8C27E56E827008EBD4\\MQL5\\Files\\results\\live_eurusd.csv', capital=10000.0, max_drawdown=0.2, weighting='equal', tag='COMPETITION_LIVE', paper=False, paper_log='results/competition_live_log.jsonl', paper_max_notional=0.0, execution_policy='RESEARCH', state_path='results/live_state.json')
2026-01-14T14:22:06.551596 | PROMOTED_COUNT: 2
2026-01-14T14:27:06.401080 | ARGS: Namespace(policy='WF_V1', symbol='EURUSD', data_path='C:\\Users\\HP\\AppData\\Roaming\\MetaQuotes\\Terminal\\10CE948A1DFC9A8C27E56E827008EBD4\\MQL5\\Files\\results\\live_eurusd.csv', capital=10000.0, max_drawdown=0.2, weighting='equal', tag='COMPETITION_LIVE', paper=False, paper_log='results/competition_live_log.jsonl', paper_max_notional=0.0, execution_policy='RESEARCH', state_path='results/live_state.json', explain_decisions=False)
2026-01-14T14:27:06.414587 | PROMOTED_COUNT: 2
2026-01-14T14:32:06.770464 | ARGS: Namespace(policy='WF_V1', symbol='EURUSD', data_path='C:\\Users\\HP\\AppData\\Roaming\\MetaQuotes\\Terminal\\10CE948A1DFC9A8C27E56E827008EBD4\\MQL5\\Files\\results\\live_eurusd.csv', capital=10000.0, max_drawdown=0.2, weighting='equal', tag='COMPETITION_LIVE', paper=False, paper_log='results/competition_live_log.jsonl', paper_max_notional=0.0, execution_policy='RESEARCH', state_path='results/live_state.json', explain_decisions=False)
2026-01-14T14:32:06.798062 | PROMOTED_COUNT: 2
2026-01-14T14:37:06.654524 | ARGS: Namespace(policy='WF_V1', symbol='EURUSD', data_path='C:\\Users\\HP\\AppData\\Roaming\\MetaQuotes\\Terminal\\10CE948A1DFC9A8C27E56E827008EBD4\\MQL5\\Files\\results\\live_eurusd.csv', capital=10000.0, max_drawdown=0.2, weighting='equal', tag='COMPETITION_LIVE', paper=False, paper_log='results/competition_live_log.jsonl', paper_max_notional=0.0, execution_policy='RESEARCH', state_path='results/live_state.json', explain_decisions=False)
2026-01-14T14:37:06.702029 | PROMOTED_COUNT: 2
2026-01-14T14:42:05.714678 | ARGS: Namespace(policy='WF_V1', symbol='EURUSD', data_path='C:\\Users\\HP\\AppData\\Roaming\\MetaQuotes\\Terminal\\10CE948A1DFC9A8C27E56E827008EBD4\\MQL5\\Files\\results\\live_eurusd.csv', capital=10000.0, max_drawdown=0.2, weighting='equal', tag='COMPETITION_LIVE', paper=False, paper_log='results/competition_live_log.jsonl', paper_max_notional=0.0, execution_policy='RESEARCH', state_path='results/live_state.json', explain_decisions=False)
2026-01-14T14:42:05.735288 | PROMOTED_COUNT: 2
2026-01-14T14:47:07.436686 | ARGS: Namespace(policy='WF_V1', symbol='EURUSD', data_path='C:\\Users\\HP\\AppData\\Roaming\\MetaQuotes\\Terminal\\10CE948A1DFC9A8C27E56E827008EBD4\\MQL5\\Files\\results\\live_eurusd.csv', capital=10000.0, max_drawdown=0.2, weighting='equal', tag='COMPETITION_LIVE', paper=False, paper_log='results/competition_live_log.jsonl', paper_max_notional=0.0, execution_policy='RESEARCH', state_path='results/live_state.json', explain_decisions=False)
2026-01-14T14:47:07.469460 | PROMOTED_COUNT: 2
2026-01-14T14:52:07.470579 | ARGS: Namespace(policy='WF_V1', symbol='EURUSD', data_path='C:\\Users\\HP\\AppData\\Roaming\\MetaQuotes\\Terminal\\10CE948A1DFC9A8C27E56E827008EBD4\\MQL5\\Files\\results\\live_eurusd.csv', capital=10000.0, max_drawdown=0.2, weighting='equal', tag='COMPETITION_LIVE', paper=False, paper_log='results/competition_live_log.jsonl', paper_max_notional=0.0, execution_policy='RESEARCH', state_path='results/live_state.json', explain_decisions=True)
2026-01-14T14:52:07.503599 | PROMOTED_COUNT: 2
2026-01-14T14:57:04.931188 | ARGS: Namespace(policy='WF_V1', symbol='EURUSD', data_path='C:\\Users\\HP\\AppData\\Roaming\\MetaQuotes\\Terminal\\10CE948A1DFC9A8C27E56E827008EBD4\\MQL5\\Files\\results\\live_eurusd.csv', capital=10000.0, max_drawdown=0.2, weighting='equal', tag='COMPETITION_LIVE', paper=False, paper_log='results/competition_live_log.jsonl', paper_max_notional=0.0, execution_policy='RESEARCH', state_path='results/live_state.json', explain_decisions=True)
2026-01-14T14:57:04.944156 | PROMOTED_COUNT: 2
2026-01-14T15:02:05.797261 | ARGS: Namespace(policy='WF_V1', symbol='EURUSD', data_path='C:\\Users\\HP\\AppData\\Roaming\\MetaQuotes\\Terminal\\10CE948A1DFC9A8C27E56E827008EBD4\\MQL5\\Files\\results\\live_eurusd.csv', capital=10000.0, max_drawdown=0.2, weighting='equal', tag='COMPETITION_LIVE', paper=False, paper_log='results/competition_live_log.jsonl', paper_max_notional=0.0, execution_policy='RESEARCH', state_path='results/live_state.json', explain_decisions=True)
2026-01-14T15:02:05.810246 | PROMOTED_COUNT: 2
2026-01-14T15:02:32.196406 | ARGS: Namespace(policy='WF_V1', symbol='EURUSD', data_path='C:\\Users\\HP\\AppData\\Roaming\\MetaQuotes\\Terminal\\10CE948A1DFC9A8C27E56E827008EBD4\\MQL5\\Files\\results\\live_eurusd.csv', capital=10000.0, max_drawdown=0.2, weighting='equal', tag='COMPETITION_LIVE', paper=False, paper_log='results\\competition_live_log.jsonl', paper_max_notional=0.0, execution_policy='RESEARCH', state_path='results\\live_state.json', explain_decisions=True)
2026-01-14T15:02:32.204479 | PROMOTED_COUNT: 2
2026-01-14T15:07:04.553768 | ARGS: Namespace(policy='WF_V1', symbol='EURUSD', data_path='C:\\Users\\HP\\AppData\\Roaming\\MetaQuotes\\Terminal\\10CE948A1DFC9A8C27E56E827008EBD4\\MQL5\\Files\\results\\live_eurusd.csv', capital=10000.0, max_drawdown=0.2, weighting='equal', tag='COMPETITION_LIVE', paper=False, paper_log='results/competition_live_log.jsonl', paper_max_notional=0.0, execution_policy='RESEARCH', state_path='results/live_state.json', explain_decisions=True)
2026-01-14T15:07:04.563914 | PROMOTED_COUNT: 2
2026-01-14T15:12:05.097883 | ARGS: Namespace(policy='WF_V1', symbol='EURUSD', data_path='C:\\Users\\HP\\AppData\\Roaming\\MetaQuotes\\Terminal\\10CE948A1DFC9A8C27E56E827008EBD4\\MQL5\\Files\\results\\live_eurusd.csv', capital=10000.0, max_drawdown=0.2, weighting='equal', tag='COMPETITION_LIVE', paper=False, paper_log='results/competition_live_log.jsonl', paper_max_notional=0.0, execution_policy='RESEARCH', state_path='results/live_state.json', explain_decisions=True)
2026-01-14T15:12:05.110285 | PROMOTED_COUNT: 2
2026-01-14T15:17:05.196267 | ARGS: Namespace(policy='WF_V1', symbol='EURUSD', data_path='C:\\Users\\HP\\AppData\\Roaming\\MetaQuotes\\Terminal\\10CE948A1DFC9A8C27E56E827008EBD4\\MQL5\\Files\\results\\live_eurusd.csv', capital=10000.0, max_drawdown=0.2, weighting='equal', tag='COMPETITION_LIVE', paper=False, paper_log='results/competition_live_log.jsonl', paper_max_notional=0.0, execution_policy='RESEARCH', state_path='results/live_state.json', explain_decisions=True)
2026-01-14T15:17:05.208036 | PROMOTED_COUNT: 2
2026-01-14T15:22:05.163895 | ARGS: Namespace(policy='WF_V1', symbol='EURUSD', data_path='C:\\Users\\HP\\AppData\\Roaming\\MetaQuotes\\Terminal\\10CE948A1DFC9A8C27E56E827008EBD4\\MQL5\\Files\\results\\live_eurusd.csv', capital=10000.0, max_drawdown=0.2, weighting='equal', tag='COMPETITION_LIVE', paper=False, paper_log='results/competition_live_log.jsonl', paper_max_notional=0.0, execution_policy='RESEARCH', state_path='results/live_state.json', explain_decisions=True)
2026-01-14T15:22:05.178566 | PROMOTED_COUNT: 2
2026-01-14T15:23:10.338516 | ARGS: Namespace(policy='WF_V1', symbol='EURUSD', data_path='C:\\Users\\HP\\AppData\\Roaming\\MetaQuotes\\Terminal\\10CE948A1DFC9A8C27E56E827008EBD4\\MQL5\\Files\\results\\live_eurusd.csv', capital=10000.0, max_drawdown=0.2, weighting='equal', tag='COMPETITION_LIVE', paper=False, paper_log='results/competition_live_log.jsonl', paper_max_notional=0.0, execution_policy='RESEARCH', state_path='results/live_state.json', explain_decisions=True)
2026-01-14T15:23:10.350069 | PROMOTED_COUNT: 2
2026-01-14T15:27:07.649476 | ARGS: Namespace(policy='WF_V1', symbol='EURUSD', data_path='C:\\Users\\HP\\AppData\\Roaming\\MetaQuotes\\Terminal\\10CE948A1DFC9A8C27E56E827008EBD4\\MQL5\\Files\\results\\live_eurusd.csv', capital=10000.0, max_drawdown=0.2, weighting='equal', tag='COMPETITION_LIVE', paper=False, paper_log='results/competition_live_log.jsonl', paper_max_notional=0.0, execution_policy='RESEARCH', state_path='results/live_state.json', explain_decisions=True)
2026-01-14T15:27:07.661736 | PROMOTED_COUNT: 2
2026-01-14T15:31:45.424220 | ARGS: Namespace(policy='WF_V1', symbol='EURUSD', data_path='C:\\Users\\HP\\AppData\\Roaming\\MetaQuotes\\Terminal\\10CE948A1DFC9A8C27E56E827008EBD4\\MQL5\\Files\\results\\live_eurusd.csv', capital=10000.0, max_drawdown=0.2, weighting='equal', tag='COMPETITION_LIVE', paper=False, paper_log='results/competition_live_log.jsonl', paper_max_notional=0.0, execution_policy='RESEARCH', state_path='results/live_state.json', explain_decisions=True)
2026-01-14T15:31:45.437173 | PROMOTED_COUNT: 2
2026-01-14T15:32:05.339612 | ARGS: Namespace(policy='WF_V1', symbol='EURUSD', data_path='C:\\Users\\HP\\AppData\\Roaming\\MetaQuotes\\Terminal\\10CE948A1DFC9A8C27E56E827008EBD4\\MQL5\\Files\\results\\live_eurusd.csv', capital=10000.0, max_drawdown=0.2, weighting='equal', tag='COMPETITION_LIVE', paper=False, paper_log='results/competition_live_log.jsonl', paper_max_notional=0.0, execution_policy='RESEARCH', state_path='results/live_state.json', explain_decisions=True)
2026-01-14T15:32:05.350922 | PROMOTED_COUNT: 2
2026-01-14T15:37:06.199905 | ARGS: Namespace(policy='WF_V1', symbol='EURUSD', data_path='C:\\Users\\HP\\AppData\\Roaming\\MetaQuotes\\Terminal\\10CE948A1DFC9A8C27E56E827008EBD4\\MQL5\\Files\\results\\live_eurusd.csv', capital=10000.0, max_drawdown=0.2, weighting='equal', tag='COMPETITION_LIVE', paper=False, paper_log='results/competition_live_log.jsonl', paper_max_notional=0.0, execution_policy='RESEARCH', state_path='results/live_state.json', explain_decisions=True)
2026-01-14T15:37:06.211376 | PROMOTED_COUNT: 2
2026-01-14T15:42:05.483521 | ARGS: Namespace(policy='WF_V1', symbol='EURUSD', data_path='C:\\Users\\HP\\AppData\\Roaming\\MetaQuotes\\Terminal\\10CE948A1DFC9A8C27E56E827008EBD4\\MQL5\\Files\\results\\live_eurusd.csv', capital=10000.0, max_drawdown=0.2, weighting='equal', tag='COMPETITION_LIVE', paper=False, paper_log='results/competition_live_log.jsonl', paper_max_notional=0.0, execution_policy='RESEARCH', state_path='results/live_state.json', explain_decisions=True)
2026-01-14T15:42:05.495243 | PROMOTED_COUNT: 2
2026-01-14T15:47:05.129408 | ARGS: Namespace(policy='WF_V1', symbol='EURUSD', data_path='C:\\Users\\HP\\AppData\\Roaming\\MetaQuotes\\Terminal\\10CE948A1DFC9A8C27E56E827008EBD4\\MQL5\\Files\\results\\live_eurusd.csv', capital=10000.0, max_drawdown=0.2, weighting='equal', tag='COMPETITION_LIVE', paper=False, paper_log='results/competition_live_log.jsonl', paper_max_notional=0.0, execution_policy='RESEARCH', state_path='results/live_state.json', explain_decisions=True)
2026-01-14T15:47:05.141115 | PROMOTED_COUNT: 2
2026-01-14T15:52:05.327195 | ARGS: Namespace(policy='WF_V1', symbol='EURUSD', data_path='C:\\Users\\HP\\AppData\\Roaming\\MetaQuotes\\Terminal\\10CE948A1DFC9A8C27E56E827008EBD4\\MQL5\\Files\\results\\live_eurusd.csv', capital=10000.0, max_drawdown=0.2, weighting='equal', tag='COMPETITION_LIVE', paper=False, paper_log='results/competition_live_log.jsonl', paper_max_notional=0.0, execution_policy='RESEARCH', state_path='results/live_state.json', explain_decisions=True)
2026-01-14T15:52:05.366412 | PROMOTED_COUNT: 2
2026-01-14T15:57:04.948209 | ARGS: Namespace(policy='WF_V1', symbol='EURUSD', data_path='C:\\Users\\HP\\AppData\\Roaming\\MetaQuotes\\Terminal\\10CE948A1DFC9A8C27E56E827008EBD4\\MQL5\\Files\\results\\live_eurusd.csv', capital=10000.0, max_drawdown=0.2, weighting='equal', tag='COMPETITION_LIVE', paper=False, paper_log='results/competition_live_log.jsonl', paper_max_notional=0.0, execution_policy='RESEARCH', state_path='results/live_state.json', explain_decisions=True)
2026-01-14T15:57:04.958555 | PROMOTED_COUNT: 2
2026-01-14T16:02:04.996051 | ARGS: Namespace(policy='WF_V1', symbol='EURUSD', data_path='C:\\Users\\HP\\AppData\\Roaming\\MetaQuotes\\Terminal\\10CE948A1DFC9A8C27E56E827008EBD4\\MQL5\\Files\\results\\live_eurusd.csv', capital=10000.0, max_drawdown=0.2, weighting='equal', tag='COMPETITION_LIVE', paper=False, paper_log='results/competition_live_log.jsonl', paper_max_notional=0.0, execution_policy='RESEARCH', state_path='results/live_state.json', explain_decisions=True)
2026-01-14T16:02:05.006811 | PROMOTED_COUNT: 2
2026-01-14T16:07:04.990908 | ARGS: Namespace(policy='WF_V1', symbol='EURUSD', data_path='C:\\Users\\HP\\AppData\\Roaming\\MetaQuotes\\Terminal\\10CE948A1DFC9A8C27E56E827008EBD4\\MQL5\\Files\\results\\live_eurusd.csv', capital=10000.0, max_drawdown=0.2, weighting='equal', tag='COMPETITION_LIVE', paper=False, paper_log='results/competition_live_log.jsonl', paper_max_notional=0.0, execution_policy='RESEARCH', state_path='results/live_state.json', explain_decisions=True)
2026-01-14T16:07:05.001263 | PROMOTED_COUNT: 2
2026-01-14T16:12:04.993017 | ARGS: Namespace(policy='WF_V1', symbol='EURUSD', data_path='C:\\Users\\HP\\AppData\\Roaming\\MetaQuotes\\Terminal\\10CE948A1DFC9A8C27E56E827008EBD4\\MQL5\\Files\\results\\live_eurusd.csv', capital=10000.0, max_drawdown=0.2, weighting='equal', tag='COMPETITION_LIVE', paper=False, paper_log='results/competition_live_log.jsonl', paper_max_notional=0.0, execution_policy='RESEARCH', state_path='results/live_state.json', explain_decisions=True)
2026-01-14T16:12:05.004738 | PROMOTED_COUNT: 2
2026-01-14T16:17:05.006367 | ARGS: Namespace(policy='WF_V1', symbol='EURUSD', data_path='C:\\Users\\HP\\AppData\\Roaming\\MetaQuotes\\Terminal\\10CE948A1DFC9A8C27E56E827008EBD4\\MQL5\\Files\\results\\live_eurusd.csv', capital=10000.0, max_drawdown=0.2, weighting='equal', tag='COMPETITION_LIVE', paper=False, paper_log='results/competition_live_log.jsonl', paper_max_notional=0.0, execution_policy='RESEARCH', state_path='results/live_state.json', explain_decisions=True)
2026-01-14T16:17:05.016603 | PROMOTED_COUNT: 2
2026-01-14T16:22:05.004944 | ARGS: Namespace(policy='WF_V1', symbol='EURUSD', data_path='C:\\Users\\HP\\AppData\\Roaming\\MetaQuotes\\Terminal\\10CE948A1DFC9A8C27E56E827008EBD4\\MQL5\\Files\\results\\live_eurusd.csv', capital=10000.0, max_drawdown=0.2, weighting='equal', tag='COMPETITION_LIVE', paper=False, paper_log='results/competition_live_log.jsonl', paper_max_notional=0.0, execution_policy='RESEARCH', state_path='results/live_state.json', explain_decisions=True)
2026-01-14T16:22:05.015336 | PROMOTED_COUNT: 2
2026-01-14T16:27:05.213565 | ARGS: Namespace(policy='WF_V1', symbol='EURUSD', data_path='C:\\Users\\HP\\AppData\\Roaming\\MetaQuotes\\Terminal\\10CE948A1DFC9A8C27E56E827008EBD4\\MQL5\\Files\\results\\live_eurusd.csv', capital=10000.0, max_drawdown=0.2, weighting='equal', tag='COMPETITION_LIVE', paper=False, paper_log='results/competition_live_log.jsonl', paper_max_notional=0.0, execution_policy='RESEARCH', state_path='results/live_state.json', explain_decisions=True)
2026-01-14T16:27:05.224005 | PROMOTED_COUNT: 2
2026-01-14T16:32:05.025724 | ARGS: Namespace(policy='WF_V1', symbol='EURUSD', data_path='C:\\Users\\HP\\AppData\\Roaming\\MetaQuotes\\Terminal\\10CE948A1DFC9A8C27E56E827008EBD4\\MQL5\\Files\\results\\live_eurusd.csv', capital=10000.0, max_drawdown=0.2, weighting='equal', tag='COMPETITION_LIVE', paper=False, paper_log='results/competition_live_log.jsonl', paper_max_notional=0.0, execution_policy='RESEARCH', state_path='results/live_state.json', explain_decisions=True)
2026-01-14T16:32:05.035959 | PROMOTED_COUNT: 2
2026-01-14T16:37:05.029983 | ARGS: Namespace(policy='WF_V1', symbol='EURUSD', data_path='C:\\Users\\HP\\AppData\\Roaming\\MetaQuotes\\Terminal\\10CE948A1DFC9A8C27E56E827008EBD4\\MQL5\\Files\\results\\live_eurusd.csv', capital=10000.0, max_drawdown=0.2, weighting='equal', tag='COMPETITION_LIVE', paper=False, paper_log='results/competition_live_log.jsonl', paper_max_notional=0.0, execution_policy='RESEARCH', state_path='results/live_state.json', explain_decisions=True)
2026-01-14T16:37:05.040323 | PROMOTED_COUNT: 2
2026-01-14T16:42:04.058346 | ARGS: Namespace(policy='WF_V1', symbol='EURUSD', data_path='C:\\Users\\HP\\AppData\\Roaming\\MetaQuotes\\Terminal\\10CE948A1DFC9A8C27E56E827008EBD4\\MQL5\\Files\\results\\live_eurusd.csv', capital=10000.0, max_drawdown=0.2, weighting='equal', tag='COMPETITION_LIVE', paper=False, paper_log='results/competition_live_log.jsonl', paper_max_notional=0.0, execution_policy='RESEARCH', state_path='results/live_state.json', explain_decisions=True)
2026-01-14T16:42:04.068487 | PROMOTED_COUNT: 2
2026-01-14T16:47:04.079592 | ARGS: Namespace(policy='WF_V1', symbol='EURUSD', data_path='C:\\Users\\HP\\AppData\\Roaming\\MetaQuotes\\Terminal\\10CE948A1DFC9A8C27E56E827008EBD4\\MQL5\\Files\\results\\live_eurusd.csv', capital=10000.0, max_drawdown=0.2, weighting='equal', tag='COMPETITION_LIVE', paper=False, paper_log='results/competition_live_log.jsonl', paper_max_notional=0.0, execution_policy='RESEARCH', state_path='results/live_state.json', explain_decisions=True)
2026-01-14T16:47:04.090321 | PROMOTED_COUNT: 2
2026-01-14T16:52:04.055708 | ARGS: Namespace(policy='WF_V1', symbol='EURUSD', data_path='C:\\Users\\HP\\AppData\\Roaming\\MetaQuotes\\Terminal\\10CE948A1DFC9A8C27E56E827008EBD4\\MQL5\\Files\\results\\live_eurusd.csv', capital=10000.0, max_drawdown=0.2, weighting='equal', tag='COMPETITION_LIVE', paper=False, paper_log='results/competition_live_log.jsonl', paper_max_notional=0.0, execution_policy='RESEARCH', state_path='results/live_state.json', explain_decisions=True)
2026-01-14T16:52:04.065877 | PROMOTED_COUNT: 2
2026-01-14T16:57:05.355715 | ARGS: Namespace(policy='WF_V1', symbol='EURUSD', data_path='C:\\Users\\HP\\AppData\\Roaming\\MetaQuotes\\Terminal\\10CE948A1DFC9A8C27E56E827008EBD4\\MQL5\\Files\\results\\live_eurusd.csv', capital=10000.0, max_drawdown=0.2, weighting='equal', tag='COMPETITION_LIVE', paper=False, paper_log='results/competition_live_log.jsonl', paper_max_notional=0.0, execution_policy='RESEARCH', state_path='results/live_state.json', explain_decisions=True)
2026-01-14T16:57:05.367116 | PROMOTED_COUNT: 2
2026-01-14T17:02:04.163793 | ARGS: Namespace(policy='WF_V1', symbol='EURUSD', data_path='C:\\Users\\HP\\AppData\\Roaming\\MetaQuotes\\Terminal\\10CE948A1DFC9A8C27E56E827008EBD4\\MQL5\\Files\\results\\live_eurusd.csv', capital=10000.0, max_drawdown=0.2, weighting='equal', tag='COMPETITION_LIVE', paper=False, paper_log='results/competition_live_log.jsonl', paper_max_notional=0.0, execution_policy='RESEARCH', state_path='results/live_state.json', explain_decisions=True)
2026-01-14T17:02:04.174494 | PROMOTED_COUNT: 2
2026-01-14T17:07:04.139854 | ARGS: Namespace(policy='WF_V1', symbol='EURUSD', data_path='C:\\Users\\HP\\AppData\\Roaming\\MetaQuotes\\Terminal\\10CE948A1DFC9A8C27E56E827008EBD4\\MQL5\\Files\\results\\live_eurusd.csv', capital=10000.0, max_drawdown=0.2, weighting='equal', tag='COMPETITION_LIVE', paper=False, paper_log='results/competition_live_log.jsonl', paper_max_notional=0.0, execution_policy='RESEARCH', state_path='results/live_state.json', explain_decisions=True)
2026-01-14T17:07:04.150283 | PROMOTED_COUNT: 2
2026-01-14T17:12:05.103168 | ARGS: Namespace(policy='WF_V1', symbol='EURUSD', data_path='C:\\Users\\HP\\AppData\\Roaming\\MetaQuotes\\Terminal\\10CE948A1DFC9A8C27E56E827008EBD4\\MQL5\\Files\\results\\live_eurusd.csv', capital=10000.0, max_drawdown=0.2, weighting='equal', tag='COMPETITION_LIVE', paper=False, paper_log='results/competition_live_log.jsonl', paper_max_notional=0.0, execution_policy='RESEARCH', state_path='results/live_state.json', explain_decisions=True)
2026-01-14T17:12:05.146216 | PROMOTED_COUNT: 2
2026-01-14T17:14:47.661342 | ARGS: Namespace(policy='WF_V1', symbol='EURUSD', data_path='C:\\Users\\HP\\AppData\\Roaming\\MetaQuotes\\Terminal\\10CE948A1DFC9A8C27E56E827008EBD4\\MQL5\\Files\\results\\live_eurusd.csv', capital=10000.0, max_drawdown=0.2, weighting='equal', tag='COMPETITION_LIVE', paper=False, paper_log='results/competition_live_log.jsonl', paper_max_notional=0.0, execution_policy='RESEARCH', state_path='results/live_state.json', explain_decisions=True)
2026-01-14T17:14:47.670025 | PROMOTED_COUNT: 2
2026-01-14T17:17:04.456400 | ARGS: Namespace(policy='WF_V1', symbol='EURUSD', data_path='C:\\Users\\HP\\AppData\\Roaming\\MetaQuotes\\Terminal\\10CE948A1DFC9A8C27E56E827008EBD4\\MQL5\\Files\\results\\live_eurusd.csv', capital=10000.0, max_drawdown=0.2, weighting='equal', tag='COMPETITION_LIVE', paper=False, paper_log='results/competition_live_log.jsonl', paper_max_notional=0.0, execution_policy='RESEARCH', state_path='results/live_state.json', explain_decisions=True)
2026-01-14T17:17:04.466094 | PROMOTED_COUNT: 2
2026-01-14T17:22:04.270917 | ARGS: Namespace(policy='WF_V1', symbol='EURUSD', data_path='C:\\Users\\HP\\AppData\\Roaming\\MetaQuotes\\Terminal\\10CE948A1DFC9A8C27E56E827008EBD4\\MQL5\\Files\\results\\live_eurusd.csv', capital=10000.0, max_drawdown=0.2, weighting='equal', tag='COMPETITION_LIVE', paper=False, paper_log='results/competition_live_log.jsonl', paper_max_notional=0.0, execution_policy='RESEARCH', state_path='results/live_state.json', explain_decisions=True)
2026-01-14T17:22:04.280228 | PROMOTED_COUNT: 2
2026-01-14T17:27:04.716246 | ARGS: Namespace(policy='WF_V1', symbol='EURUSD', data_path='C:\\Users\\HP\\AppData\\Roaming\\MetaQuotes\\Terminal\\10CE948A1DFC9A8C27E56E827008EBD4\\MQL5\\Files\\results\\live_eurusd.csv', capital=10000.0, max_drawdown=0.2, weighting='equal', tag='COMPETITION_LIVE', paper=False, paper_log='results/competition_live_log.jsonl', paper_max_notional=0.0, execution_policy='RESEARCH', state_path='results/live_state.json', explain_decisions=True)
2026-01-14T17:27:04.726577 | PROMOTED_COUNT: 2
2026-01-14T17:31:16.512109 | ARGS: Namespace(policy='WF_V1', symbol='EURUSD', data_path='C:\\Users\\HP\\AppData\\Roaming\\MetaQuotes\\Terminal\\10CE948A1DFC9A8C27E56E827008EBD4\\MQL5\\Files\\results\\live_eurusd.csv', capital=10000.0, max_drawdown=0.2, weighting='equal', tag='COMPETITION_LIVE', paper=False, paper_log='results/competition_live_log.jsonl', paper_max_notional=0.0, execution_policy='RESEARCH', state_path='results/live_state.json', explain_decisions=True)
2026-01-14T17:31:16.521108 | PROMOTED_COUNT: 2
2026-01-14T17:31:36.131716 | ARGS: Namespace(policy='WF_V1', symbol='EURUSD', data_path='C:\\Users\\HP\\AppData\\Roaming\\MetaQuotes\\Terminal\\10CE948A1DFC9A8C27E56E827008EBD4\\MQL5\\Files\\results\\live_eurusd.csv', capital=10000.0, max_drawdown=0.2, weighting='equal', tag='COMPETITION_LIVE', paper=False, paper_log='results/competition_live_log.jsonl', paper_max_notional=0.0, execution_policy='RESEARCH', state_path='results/live_state.json', explain_decisions=True)
2026-01-14T17:31:36.139589 | PROMOTED_COUNT: 2
2026-01-14T17:32:05.936684 | ARGS: Namespace(policy='WF_V1', symbol='EURUSD', data_path='C:\\Users\\HP\\AppData\\Roaming\\MetaQuotes\\Terminal\\10CE948A1DFC9A8C27E56E827008EBD4\\MQL5\\Files\\results\\live_eurusd.csv', capital=10000.0, max_drawdown=0.2, weighting='equal', tag='COMPETITION_LIVE', paper=False, paper_log='results/competition_live_log.jsonl', paper_max_notional=0.0, execution_policy='RESEARCH', state_path='results/live_state.json', explain_decisions=True)
2026-01-14T17:32:05.983912 | PROMOTED_COUNT: 2
2026-01-14T17:37:05.256030 | ARGS: Namespace(policy='WF_V1', symbol='EURUSD', data_path='C:\\Users\\HP\\AppData\\Roaming\\MetaQuotes\\Terminal\\10CE948A1DFC9A8C27E56E827008EBD4\\MQL5\\Files\\results\\live_eurusd.csv', capital=10000.0, max_drawdown=0.2, weighting='equal', tag='COMPETITION_LIVE', paper=False, paper_log='results/competition_live_log.jsonl', paper_max_notional=0.0, execution_policy='RESEARCH', state_path='results/live_state.json', explain_decisions=True)
2026-01-14T17:37:05.266503 | PROMOTED_COUNT: 2
2026-01-14T17:42:06.786195 | ARGS: Namespace(policy='WF_V1', symbol='EURUSD', data_path='C:\\Users\\HP\\AppData\\Roaming\\MetaQuotes\\Terminal\\10CE948A1DFC9A8C27E56E827008EBD4\\MQL5\\Files\\results\\live_eurusd.csv', capital=10000.0, max_drawdown=0.2, weighting='equal', tag='COMPETITION_LIVE', paper=False, paper_log='results/competition_live_log.jsonl', paper_max_notional=0.0, execution_policy='RESEARCH', state_path='results/live_state.json', explain_decisions=True)
2026-01-14T17:42:06.801591 | PROMOTED_COUNT: 2
2026-01-14T17:47:05.018845 | ARGS: Namespace(policy='WF_V1', symbol='EURUSD', data_path='C:\\Users\\HP\\AppData\\Roaming\\MetaQuotes\\Terminal\\10CE948A1DFC9A8C27E56E827008EBD4\\MQL5\\Files\\results\\live_eurusd.csv', capital=10000.0, max_drawdown=0.2, weighting='equal', tag='COMPETITION_LIVE', paper=False, paper_log='results/competition_live_log.jsonl', paper_max_notional=0.0, execution_policy='RESEARCH', state_path='results/live_state.json', explain_decisions=True)
2026-01-14T17:47:05.062597 | PROMOTED_COUNT: 2
2026-01-14T17:52:04.659367 | ARGS: Namespace(policy='WF_V1', symbol='EURUSD', data_path='C:\\Users\\HP\\AppData\\Roaming\\MetaQuotes\\Terminal\\10CE948A1DFC9A8C27E56E827008EBD4\\MQL5\\Files\\results\\live_eurusd.csv', capital=10000.0, max_drawdown=0.2, weighting='equal', tag='COMPETITION_LIVE', paper=False, paper_log='results/competition_live_log.jsonl', paper_max_notional=0.0, execution_policy='RESEARCH', state_path='results/live_state.json', explain_decisions=True)
2026-01-14T17:52:04.671453 | PROMOTED_COUNT: 2
2026-01-14T17:57:04.356290 | ARGS: Namespace(policy='WF_V1', symbol='EURUSD', data_path='C:\\Users\\HP\\AppData\\Roaming\\MetaQuotes\\Terminal\\10CE948A1DFC9A8C27E56E827008EBD4\\MQL5\\Files\\results\\live_eurusd.csv', capital=10000.0, max_drawdown=0.2, weighting='equal', tag='COMPETITION_LIVE', paper=False, paper_log='results/competition_live_log.jsonl', paper_max_notional=0.0, execution_policy='RESEARCH', state_path='results/live_state.json', explain_decisions=True)
2026-01-14T17:57:04.368262 | PROMOTED_COUNT: 2
2026-01-14T18:00:15.822233 | ARGS: Namespace(policy='WF_V1', symbol='EURUSD', data_path='C:\\Users\\HP\\AppData\\Roaming\\MetaQuotes\\Terminal\\10CE948A1DFC9A8C27E56E827008EBD4\\MQL5\\Files\\results\\live_eurusd.csv', capital=100000.0, max_drawdown=0.2, weighting='equal', tag='SIGNAL_PROOF', paper=False, paper_log=None, paper_max_notional=0.0, execution_policy='RESEARCH', state_path=None, explain_decisions=True)
2026-01-14T18:00:15.834606 | PROMOTED_COUNT: 2
2026-01-14T18:02:04.532926 | ARGS: Namespace(policy='WF_V1', symbol='EURUSD', data_path='C:\\Users\\HP\\AppData\\Roaming\\MetaQuotes\\Terminal\\10CE948A1DFC9A8C27E56E827008EBD4\\MQL5\\Files\\results\\live_eurusd.csv', capital=10000.0, max_drawdown=0.2, weighting='equal', tag='COMPETITION_LIVE', paper=False, paper_log='results/competition_live_log.jsonl', paper_max_notional=0.0, execution_policy='RESEARCH', state_path='results/live_state.json', explain_decisions=True)
2026-01-14T18:02:04.544844 | PROMOTED_COUNT: 2
2026-01-14T18:07:04.359147 | ARGS: Namespace(policy='WF_V1', symbol='EURUSD', data_path='C:\\Users\\HP\\AppData\\Roaming\\MetaQuotes\\Terminal\\10CE948A1DFC9A8C27E56E827008EBD4\\MQL5\\Files\\results\\live_eurusd.csv', capital=10000.0, max_drawdown=0.2, weighting='equal', tag='COMPETITION_LIVE', paper=False, paper_log='results/competition_live_log.jsonl', paper_max_notional=0.0, execution_policy='RESEARCH', state_path='results/live_state.json', explain_decisions=True)
2026-01-14T18:07:04.370762 | PROMOTED_COUNT: 2
2026-01-14T18:12:05.146715 | ARGS: Namespace(policy='WF_V1', symbol='EURUSD', data_path='C:\\Users\\HP\\AppData\\Roaming\\MetaQuotes\\Terminal\\10CE948A1DFC9A8C27E56E827008EBD4\\MQL5\\Files\\results\\live_eurusd.csv', capital=10000.0, max_drawdown=0.2, weighting='equal', tag='COMPETITION_LIVE', paper=False, paper_log='results/competition_live_log.jsonl', paper_max_notional=0.0, execution_policy='RESEARCH', state_path='results/live_state.json', explain_decisions=True)
2026-01-14T18:12:05.161092 | PROMOTED_COUNT: 2
2026-01-14T18:17:04.247513 | ARGS: Namespace(policy='WF_V1', symbol='EURUSD', data_path='C:\\Users\\HP\\AppData\\Roaming\\MetaQuotes\\Terminal\\10CE948A1DFC9A8C27E56E827008EBD4\\MQL5\\Files\\results\\live_eurusd.csv', capital=10000.0, max_drawdown=0.2, weighting='equal', tag='COMPETITION_LIVE', paper=False, paper_log='results/competition_live_log.jsonl', paper_max_notional=0.0, execution_policy='RESEARCH', state_path='results/live_state.json', explain_decisions=True)
2026-01-14T18:17:04.256315 | PROMOTED_COUNT: 2
2026-01-14T18:22:03.471050 | ARGS: Namespace(policy='WF_V1', symbol='EURUSD', data_path='C:\\Users\\HP\\AppData\\Roaming\\MetaQuotes\\Terminal\\10CE948A1DFC9A8C27E56E827008EBD4\\MQL5\\Files\\results\\live_eurusd.csv', capital=10000.0, max_drawdown=0.2, weighting='equal', tag='COMPETITION_LIVE', paper=False, paper_log='results/competition_live_log.jsonl', paper_max_notional=0.0, execution_policy='RESEARCH', state_path='results/live_state.json', explain_decisions=True)
2026-01-14T18:22:03.479165 | PROMOTED_COUNT: 2
2026-01-14T18:27:03.506250 | ARGS: Namespace(policy='WF_V1', symbol='EURUSD', data_path='C:\\Users\\HP\\AppData\\Roaming\\MetaQuotes\\Terminal\\10CE948A1DFC9A8C27E56E827008EBD4\\MQL5\\Files\\results\\live_eurusd.csv', capital=10000.0, max_drawdown=0.2, weighting='equal', tag='COMPETITION_LIVE', paper=False, paper_log='results/competition_live_log.jsonl', paper_max_notional=0.0, execution_policy='RESEARCH', state_path='results/live_state.json', explain_decisions=True)
2026-01-14T18:27:03.513401 | PROMOTED_COUNT: 2
2026-01-14T18:32:03.515647 | ARGS: Namespace(policy='WF_V1', symbol='EURUSD', data_path='C:\\Users\\HP\\AppData\\Roaming\\MetaQuotes\\Terminal\\10CE948A1DFC9A8C27E56E827008EBD4\\MQL5\\Files\\results\\live_eurusd.csv', capital=10000.0, max_drawdown=0.2, weighting='equal', tag='COMPETITION_LIVE', paper=False, paper_log='results/competition_live_log.jsonl', paper_max_notional=0.0, execution_policy='RESEARCH', state_path='results/live_state.json', explain_decisions=True)
2026-01-14T18:32:03.523443 | PROMOTED_COUNT: 2
2026-01-14T18:37:03.533344 | ARGS: Namespace(policy='WF_V1', symbol='EURUSD', data_path='C:\\Users\\HP\\AppData\\Roaming\\MetaQuotes\\Terminal\\10CE948A1DFC9A8C27E56E827008EBD4\\MQL5\\Files\\results\\live_eurusd.csv', capital=10000.0, max_drawdown=0.2, weighting='equal', tag='COMPETITION_LIVE', paper=False, paper_log='results/competition_live_log.jsonl', paper_max_notional=0.0, execution_policy='RESEARCH', state_path='results/live_state.json', explain_decisions=True)
2026-01-14T18:37:03.540031 | PROMOTED_COUNT: 2
2026-01-14T18:42:03.553749 | ARGS: Namespace(policy='WF_V1', symbol='EURUSD', data_path='C:\\Users\\HP\\AppData\\Roaming\\MetaQuotes\\Terminal\\10CE948A1DFC9A8C27E56E827008EBD4\\MQL5\\Files\\results\\live_eurusd.csv', capital=10000.0, max_drawdown=0.2, weighting='equal', tag='COMPETITION_LIVE', paper=False, paper_log='results/competition_live_log.jsonl', paper_max_notional=0.0, execution_policy='RESEARCH', state_path='results/live_state.json', explain_decisions=True)
2026-01-14T18:42:03.561222 | PROMOTED_COUNT: 2
2026-01-14T18:47:03.533321 | ARGS: Namespace(policy='WF_V1', symbol='EURUSD', data_path='C:\\Users\\HP\\AppData\\Roaming\\MetaQuotes\\Terminal\\10CE948A1DFC9A8C27E56E827008EBD4\\MQL5\\Files\\results\\live_eurusd.csv', capital=10000.0, max_drawdown=0.2, weighting='equal', tag='COMPETITION_LIVE', paper=False, paper_log='results/competition_live_log.jsonl', paper_max_notional=0.0, execution_policy='RESEARCH', state_path='results/live_state.json', explain_decisions=True)
2026-01-14T18:47:03.540760 | PROMOTED_COUNT: 2
2026-01-14T18:52:03.502653 | ARGS: Namespace(policy='WF_V1', symbol='EURUSD', data_path='C:\\Users\\HP\\AppData\\Roaming\\MetaQuotes\\Terminal\\10CE948A1DFC9A8C27E56E827008EBD4\\MQL5\\Files\\results\\live_eurusd.csv', capital=10000.0, max_drawdown=0.2, weighting='equal', tag='COMPETITION_LIVE', paper=False, paper_log='results/competition_live_log.jsonl', paper_max_notional=0.0, execution_policy='RESEARCH', state_path='results/live_state.json', explain_decisions=True)
2026-01-14T18:52:03.508177 | PROMOTED_COUNT: 2
2026-01-14T18:57:06.974067 | ARGS: Namespace(policy='WF_V1', symbol='EURUSD', data_path='C:\\Users\\HP\\AppData\\Roaming\\MetaQuotes\\Terminal\\10CE948A1DFC9A8C27E56E827008EBD4\\MQL5\\Files\\results\\live_eurusd.csv', capital=10000.0, max_drawdown=0.2, weighting='equal', tag='COMPETITION_LIVE', paper=False, paper_log='results/competition_live_log.jsonl', paper_max_notional=0.0, execution_policy='RESEARCH', state_path='results/live_state.json', explain_decisions=True)
2026-01-14T18:57:06.980941 | PROMOTED_COUNT: 2
2026-01-14T19:02:03.532576 | ARGS: Namespace(policy='WF_V1', symbol='EURUSD', data_path='C:\\Users\\HP\\AppData\\Roaming\\MetaQuotes\\Terminal\\10CE948A1DFC9A8C27E56E827008EBD4\\MQL5\\Files\\results\\live_eurusd.csv', capital=10000.0, max_drawdown=0.2, weighting='equal', tag='COMPETITION_LIVE', paper=False, paper_log='results/competition_live_log.jsonl', paper_max_notional=0.0, execution_policy='RESEARCH', state_path='results/live_state.json', explain_decisions=True)
2026-01-14T19:02:03.537953 | PROMOTED_COUNT: 2
2026-01-14T19:07:03.747175 | ARGS: Namespace(policy='WF_V1', symbol='EURUSD', data_path='C:\\Users\\HP\\AppData\\Roaming\\MetaQuotes\\Terminal\\10CE948A1DFC9A8C27E56E827008EBD4\\MQL5\\Files\\results\\live_eurusd.csv', capital=10000.0, max_drawdown=0.2, weighting='equal', tag='COMPETITION_LIVE', paper=False, paper_log='results/competition_live_log.jsonl', paper_max_notional=0.0, execution_policy='RESEARCH', state_path='results/live_state.json', explain_decisions=True)
2026-01-14T19:07:03.752816 | PROMOTED_COUNT: 2
2026-01-14T19:12:03.615161 | ARGS: Namespace(policy='WF_V1', symbol='EURUSD', data_path='C:\\Users\\HP\\AppData\\Roaming\\MetaQuotes\\Terminal\\10CE948A1DFC9A8C27E56E827008EBD4\\MQL5\\Files\\results\\live_eurusd.csv', capital=10000.0, max_drawdown=0.2, weighting='equal', tag='COMPETITION_LIVE', paper=False, paper_log='results/competition_live_log.jsonl', paper_max_notional=0.0, execution_policy='RESEARCH', state_path='results/live_state.json', explain_decisions=True)
2026-01-14T19:12:03.620757 | PROMOTED_COUNT: 2
2026-01-14T19:17:03.574999 | ARGS: Namespace(policy='WF_V1', symbol='EURUSD', data_path='C:\\Users\\HP\\AppData\\Roaming\\MetaQuotes\\Terminal\\10CE948A1DFC9A8C27E56E827008EBD4\\MQL5\\Files\\results\\live_eurusd.csv', capital=10000.0, max_drawdown=0.2, weighting='equal', tag='COMPETITION_LIVE', paper=False, paper_log='results/competition_live_log.jsonl', paper_max_notional=0.0, execution_policy='RESEARCH', state_path='results/live_state.json', explain_decisions=True)
2026-01-14T19:17:03.580657 | PROMOTED_COUNT: 2
2026-01-14T19:20:23.806993 | ARGS: Namespace(policy='WF_V1', symbol='EURUSD', data_path='C:\\Users\\HP\\AppData\\Roaming\\MetaQuotes\\Terminal\\10CE948A1DFC9A8C27E56E827008EBD4\\MQL5\\Files\\results\\live_eurusd.csv', capital=100000.0, max_drawdown=0.2, weighting='equal', tag='SIGNAL_PROOF', paper=False, paper_log=None, paper_max_notional=0.0, execution_policy='RESEARCH', state_path=None, explain_decisions=True)
2026-01-14T19:20:23.817930 | PROMOTED_COUNT: 2
2026-01-14T19:22:03.726892 | ARGS: Namespace(policy='WF_V1', symbol='EURUSD', data_path='C:\\Users\\HP\\AppData\\Roaming\\MetaQuotes\\Terminal\\10CE948A1DFC9A8C27E56E827008EBD4\\MQL5\\Files\\results\\live_eurusd.csv', capital=10000.0, max_drawdown=0.2, weighting='equal', tag='COMPETITION_LIVE', paper=False, paper_log='results/competition_live_log.jsonl', paper_max_notional=0.0, execution_policy='RESEARCH', state_path='results/live_state.json', explain_decisions=True)
2026-01-14T19:22:03.734341 | PROMOTED_COUNT: 2
2026-01-14T19:27:03.712728 | ARGS: Namespace(policy='WF_V1', symbol='EURUSD', data_path='C:\\Users\\HP\\AppData\\Roaming\\MetaQuotes\\Terminal\\10CE948A1DFC9A8C27E56E827008EBD4\\MQL5\\Files\\results\\live_eurusd.csv', capital=10000.0, max_drawdown=0.2, weighting='equal', tag='COMPETITION_LIVE', paper=False, paper_log='results/competition_live_log.jsonl', paper_max_notional=0.0, execution_policy='RESEARCH', state_path='results/live_state.json', explain_decisions=True)
2026-01-14T19:27:03.725696 | PROMOTED_COUNT: 2
2026-01-14T19:32:03.708855 | ARGS: Namespace(policy='WF_V1', symbol='EURUSD', data_path='C:\\Users\\HP\\AppData\\Roaming\\MetaQuotes\\Terminal\\10CE948A1DFC9A8C27E56E827008EBD4\\MQL5\\Files\\results\\live_eurusd.csv', capital=10000.0, max_drawdown=0.2, weighting='equal', tag='COMPETITION_LIVE', paper=False, paper_log='results/competition_live_log.jsonl', paper_max_notional=0.0, execution_policy='RESEARCH', state_path='results/live_state.json', explain_decisions=True)
2026-01-14T19:32:03.717002 | PROMOTED_COUNT: 2
